Removed Pin From Net: NetName=ZX_5 Pin=L1-1
Removed Pin From Net: NetName=ZX_5 Pin=L1-1
Removed Pin From Net: NetName=ZX Pin=L1-2
Removed Pin From Net: NetName=SAG_5 Pin=L1-3
Removed Pin From Net: NetName=SAG Pin=L1-4
Removed Pin From Net: NetName=IRQ_5 Pin=L1-9
Removed Pin From Net: NetName=IRQ Pin=L1-10
Removed Pin From Net: NetName=RST_5 Pin=L1-11
Removed Pin From Net: NetName=RST Pin=L1-12
Removed Pin From Net: NetName=SS Pin=L2-1
Removed Pin From Net: NetName=SS Pin=L2-1
Removed Pin From Net: NetName=CS Pin=L2-2
Removed Pin From Net: NetName=SLK Pin=L2-3
Removed Pin From Net: NetName=SCLK Pin=L2-4
Removed Pin From Net: NetName=MISO Pin=L2-9
Removed Pin From Net: NetName=DOUT Pin=L2-10
Removed Pin From Net: NetName=MOSI Pin=L2-11
Removed Pin From Net: NetName=DIN Pin=L2-12
Added Pin To Net: NetName=RST_5 Pin=L1-1
Added Pin To Net: NetName=RST_5 Pin=L1-1
Added Pin To Net: NetName=RST Pin=L1-2
Added Pin To Net: NetName=IRQ_5 Pin=L1-3
Added Pin To Net: NetName=IRQ Pin=L1-4
Added Pin To Net: NetName=SAG_5 Pin=L1-9
Added Pin To Net: NetName=SAG Pin=L1-10
Added Pin To Net: NetName=ZX_5 Pin=L1-11
Added Pin To Net: NetName=ZX Pin=L1-12
Added Pin To Net: NetName=MOSI Pin=L2-1
Added Pin To Net: NetName=MOSI Pin=L2-1
Added Pin To Net: NetName=DIN Pin=L2-2
Added Pin To Net: NetName=MISO Pin=L2-3
Added Pin To Net: NetName=DOUT Pin=L2-4
Added Pin To Net: NetName=SLK Pin=L2-9
Added Pin To Net: NetName=SCLK Pin=L2-10
Added Pin To Net: NetName=SS Pin=L2-11
Added Pin To Net: NetName=CS Pin=L2-12
