Change Component Designator: OldDesignator=P2 NewDesignator=L1
Change Component Designator: OldDesignator=P3 NewDesignator=L2
Added Component: Designator=P2(HDR1X4)
Add component. Clean all parameters for all variants
Add component (AddParameter): Name = "LatestRevisionDate"; Value = "17-Jul-2002"; VariantName = "[No Variations]"
Add component (AddParameter): Name = "LatestRevisionNote"; Value = "Re-released for DXP Platform."; VariantName = "[No Variations]"
Add component (AddParameter): Name = "Publisher"; Value = "Altium Limited"; VariantName = "[No Variations]"
Added Component: Designator=P3(HDR1X4)
Add component. Clean all parameters for all variants
Add component (AddParameter): Name = "LatestRevisionDate"; Value = "17-Jul-2002"; VariantName = "[No Variations]"
Add component (AddParameter): Name = "LatestRevisionNote"; Value = "Re-released for DXP Platform."; VariantName = "[No Variations]"
Add component (AddParameter): Name = "Publisher"; Value = "Altium Limited"; VariantName = "[No Variations]"
Added Pin To Net: NetName=RST_5 Pin=P2-1
Added Pin To Net: NetName=IRQ_5 Pin=P2-2
Added Pin To Net: NetName=SAG_5 Pin=P2-3
Added Pin To Net: NetName=ZX_5 Pin=P2-4
Added Pin To Net: NetName=MOSI Pin=P3-1
Added Pin To Net: NetName=MISO Pin=P3-2
Added Pin To Net: NetName=SLK Pin=P3-3
Added Pin To Net: NetName=SS Pin=P3-4
Added Member To Class: ClassName=ADE7753 Member=Component P2 Header 4
Added Member To Class: ClassName=ADE7753 Member=Component P3 Header 4
